0 verbose cli /Users/brad-htd/.volta/tools/image/node/22.12.0/bin/node /Users/brad-htd/.volta/tools/image/node/22.12.0/bin/npm
1 info using npm@10.9.0
2 info using node@v22.12.0
3 silly config load:file:/Users/brad-htd/.volta/tools/image/node/22.12.0/lib/node_modules/npm/npmrc
4 silly config load:file:/Users/brad-htd/Code/prose_linter/pinakes/cli/.npmrc
5 silly config load:file:/Users/brad-htd/.npmrc
6 silly config load:file:/Users/brad-htd/.volta/tools/image/node/22.12.0/etc/npmrc
7 verbose title npm install
8 verbose argv "install" "--cache" ".npm-cache"
9 verbose logfile logs-max:10 dir:/Users/brad-htd/Code/prose_linter/pinakes/cli/.npm-cache/_logs/2026-07-18T12_53_01_203Z-
10 verbose logfile /Users/brad-htd/Code/prose_linter/pinakes/cli/.npm-cache/_logs/2026-07-18T12_53_01_203Z-debug-0.log
11 silly logfile done cleaning log files
12 silly packumentCache heap:4345298944 maxSize:1086324736 maxEntrySize:543162368
13 silly idealTree buildDeps
14 silly fetch manifest commander@^11.1.0
15 silly packumentCache full:https://registry.npmjs.org/commander cache-miss
16 http fetch GET 200 https://registry.npmjs.org/commander 126ms (cache miss)
17 silly packumentCache full:https://registry.npmjs.org/commander set size:undefined disposed:false
18 silly fetch manifest yaml@^2.3.4
19 silly packumentCache full:https://registry.npmjs.org/yaml cache-miss
20 http fetch GET 200 https://registry.npmjs.org/npm 155ms
21 http fetch GET 200 https://registry.npmjs.org/yaml 45ms (cache miss)
22 silly packumentCache full:https://registry.npmjs.org/yaml set size:undefined disposed:false
23 silly fetch manifest zod@^3.22.4
24 silly packumentCache full:https://registry.npmjs.org/zod cache-miss
25 http fetch GET 200 https://registry.npmjs.org/zod 84ms (cache miss)
26 silly packumentCache full:https://registry.npmjs.org/zod set size:undefined disposed:false
27 silly fetch manifest unified@^11.0.4
28 silly packumentCache full:https://registry.npmjs.org/unified cache-miss
29 http fetch GET 200 https://registry.npmjs.org/unified 67ms (cache miss)
30 silly packumentCache full:https://registry.npmjs.org/unified set size:undefined disposed:false
31 silly fetch manifest remark-parse@^11.0.0
32 silly packumentCache full:https://registry.npmjs.org/remark-parse cache-miss
33 http fetch GET 200 https://registry.npmjs.org/remark-parse 166ms (cache miss)
34 silly packumentCache full:https://registry.npmjs.org/remark-parse set size:undefined disposed:false
35 silly fetch manifest remark-frontmatter@^5.0.0
36 silly packumentCache full:https://registry.npmjs.org/remark-frontmatter cache-miss
37 http fetch GET 200 https://registry.npmjs.org/remark-frontmatter 33ms (cache miss)
38 silly packumentCache full:https://registry.npmjs.org/remark-frontmatter set size:undefined disposed:false
39 silly fetch manifest unist-util-visit@^5.0.0
40 silly packumentCache full:https://registry.npmjs.org/unist-util-visit cache-miss
41 http fetch GET 200 https://registry.npmjs.org/unist-util-visit 34ms (cache miss)
42 silly packumentCache full:https://registry.npmjs.org/unist-util-visit set size:undefined disposed:false
43 silly fetch manifest glob@^10.3.10
44 silly packumentCache full:https://registry.npmjs.org/glob cache-miss
45 http fetch GET 200 https://registry.npmjs.org/glob 51ms (cache miss)
46 silly packumentCache full:https://registry.npmjs.org/glob set size:undefined disposed:false
47 silly fetch manifest @types/node@^20.11.0
48 silly packumentCache full:https://registry.npmjs.org/@types%2fnode cache-miss
49 http fetch GET 200 https://registry.npmjs.org/@types%2fnode 176ms (cache miss)
50 silly packumentCache full:https://registry.npmjs.org/@types%2fnode set size:undefined disposed:false
51 silly fetch manifest typescript@^5.3.3
52 silly packumentCache full:https://registry.npmjs.org/typescript cache-miss
53 http fetch GET 200 https://registry.npmjs.org/typescript 294ms (cache miss)
54 silly packumentCache full:https://registry.npmjs.org/typescript set size:undefined disposed:false
55 silly placeDep ROOT @types/node@20.19.43 OK for: pinakes-cli@0.1.0 want: ^20.11.0
56 silly placeDep ROOT commander@11.1.0 OK for: pinakes-cli@0.1.0 want: ^11.1.0
57 silly placeDep ROOT glob@10.5.0 OK for: pinakes-cli@0.1.0 want: ^10.3.10
58 silly placeDep ROOT remark-frontmatter@5.0.0 OK for: pinakes-cli@0.1.0 want: ^5.0.0
59 silly placeDep ROOT remark-parse@11.0.0 OK for: pinakes-cli@0.1.0 want: ^11.0.0
60 silly placeDep ROOT typescript@5.9.3 OK for: pinakes-cli@0.1.0 want: ^5.3.3
61 silly placeDep ROOT unified@11.0.5 OK for: pinakes-cli@0.1.0 want: ^11.0.4
62 silly placeDep ROOT unist-util-visit@5.1.0 OK for: pinakes-cli@0.1.0 want: ^5.0.0
63 silly placeDep ROOT yaml@2.9.0 OK for: pinakes-cli@0.1.0 want: ^2.3.4
64 silly placeDep ROOT zod@3.25.76 OK for: pinakes-cli@0.1.0 want: ^3.22.4
65 silly fetch manifest undici-types@~6.21.0
66 silly packumentCache full:https://registry.npmjs.org/undici-types cache-miss
67 silly fetch manifest minipass@^7.1.2
68 silly packumentCache full:https://registry.npmjs.org/minipass cache-miss
69 silly fetch manifest jackspeak@^3.1.2
70 silly packumentCache full:https://registry.npmjs.org/jackspeak cache-miss
71 silly fetch manifest minimatch@^9.0.4
72 silly packumentCache full:https://registry.npmjs.org/minimatch cache-miss
73 silly fetch manifest path-scurry@^1.11.1
74 silly packumentCache full:https://registry.npmjs.org/path-scurry cache-miss
75 silly fetch manifest foreground-child@^3.1.0
76 silly packumentCache full:https://registry.npmjs.org/foreground-child cache-miss
77 silly fetch manifest package-json-from-dist@^1.0.0
78 silly packumentCache full:https://registry.npmjs.org/package-json-from-dist cache-miss
79 silly fetch manifest @types/mdast@^4.0.0
80 silly packumentCache full:https://registry.npmjs.org/@types%2fmdast cache-miss
81 silly fetch manifest mdast-util-frontmatter@^2.0.0
82 silly packumentCache full:https://registry.npmjs.org/mdast-util-frontmatter cache-miss
83 http fetch GET 200 https://registry.npmjs.org/undici-types 37ms (cache miss)
84 silly packumentCache full:https://registry.npmjs.org/undici-types set size:undefined disposed:false
85 silly fetch manifest micromark-extension-frontmatter@^2.0.0
86 silly packumentCache full:https://registry.npmjs.org/micromark-extension-frontmatter cache-miss
87 http fetch GET 200 https://registry.npmjs.org/minipass 46ms (cache miss)
88 silly packumentCache full:https://registry.npmjs.org/minipass set size:undefined disposed:false
89 silly fetch manifest unified@^11.0.0
90 silly packumentCache full:https://registry.npmjs.org/unified cache-miss
91 http fetch GET 200 https://registry.npmjs.org/unified 2ms (cache hit)
92 silly packumentCache full:https://registry.npmjs.org/unified set size:321787 disposed:false
93 silly fetch manifest @types/mdast@^4.0.0
94 silly packumentCache full:https://registry.npmjs.org/@types%2fmdast cache-miss
95 http fetch GET 200 https://registry.npmjs.org/micromark-extension-frontmatter 28ms (cache miss)
96 silly packumentCache full:https://registry.npmjs.org/micromark-extension-frontmatter set size:undefined disposed:false
97 silly fetch manifest mdast-util-from-markdown@^2.0.0
98 silly packumentCache full:https://registry.npmjs.org/mdast-util-from-markdown cache-miss
99 http fetch GET 200 https://registry.npmjs.org/foreground-child 77ms (cache miss)
100 silly packumentCache full:https://registry.npmjs.org/foreground-child set size:undefined disposed:false
101 silly fetch manifest micromark-util-types@^2.0.0
102 silly packumentCache full:https://registry.npmjs.org/micromark-util-types cache-miss
103 http fetch GET 200 https://registry.npmjs.org/package-json-from-dist 83ms (cache miss)
104 silly packumentCache full:https://registry.npmjs.org/package-json-from-dist set size:undefined disposed:false
105 silly fetch manifest @types/unist@^3.0.0
106 silly packumentCache full:https://registry.npmjs.org/@types%2funist cache-miss
107 http fetch GET 200 https://registry.npmjs.org/jackspeak 84ms (cache miss)
108 silly packumentCache full:https://registry.npmjs.org/jackspeak set size:undefined disposed:false
109 silly fetch manifest bail@^2.0.0
110 silly packumentCache full:https://registry.npmjs.org/bail cache-miss
111 http fetch GET 200 https://registry.npmjs.org/@types%2fmdast 39ms (cache miss)
112 silly packumentCache full:https://registry.npmjs.org/@types%2fmdast set size:undefined disposed:false
113 silly fetch manifest devlop@^1.0.0
114 silly packumentCache full:https://registry.npmjs.org/devlop cache-miss
115 http fetch GET 200 https://registry.npmjs.org/path-scurry 91ms (cache miss)
116 silly packumentCache full:https://registry.npmjs.org/path-scurry set size:undefined disposed:false
117 silly fetch manifest extend@^3.0.0
118 silly packumentCache full:https://registry.npmjs.org/extend cache-miss
119 http fetch GET 200 https://registry.npmjs.org/@types%2fmdast 97ms (cache miss)
120 silly packumentCache full:https://registry.npmjs.org/@types%2fmdast set size:undefined disposed:false
121 silly fetch manifest is-plain-obj@^4.0.0
122 silly packumentCache full:https://registry.npmjs.org/is-plain-obj cache-miss
123 http fetch GET 200 https://registry.npmjs.org/mdast-util-frontmatter 98ms (cache miss)
124 silly packumentCache full:https://registry.npmjs.org/mdast-util-frontmatter set size:undefined disposed:false
125 silly fetch manifest trough@^2.0.0
126 silly packumentCache full:https://registry.npmjs.org/trough cache-miss
127 http fetch GET 200 https://registry.npmjs.org/mdast-util-from-markdown 33ms (cache miss)
128 silly packumentCache full:https://registry.npmjs.org/mdast-util-from-markdown set size:undefined disposed:false
129 silly fetch manifest vfile@^6.0.0
130 silly packumentCache full:https://registry.npmjs.org/vfile cache-miss
131 http fetch GET 200 https://registry.npmjs.org/minimatch 108ms (cache miss)
132 silly packumentCache full:https://registry.npmjs.org/minimatch set size:undefined disposed:false
133 silly fetch manifest @types/unist@^3.0.0
134 silly packumentCache full:https://registry.npmjs.org/@types%2funist cache-miss
135 http fetch GET 200 https://registry.npmjs.org/micromark-util-types 40ms (cache miss)
136 silly packumentCache full:https://registry.npmjs.org/micromark-util-types set size:undefined disposed:false
137 silly fetch manifest unist-util-is@^6.0.0
138 silly packumentCache full:https://registry.npmjs.org/unist-util-is cache-miss
139 http fetch GET 200 https://registry.npmjs.org/bail 33ms (cache miss)
140 silly packumentCache full:https://registry.npmjs.org/bail set size:undefined disposed:false
141 silly fetch manifest unist-util-visit-parents@^6.0.0
142 silly packumentCache full:https://registry.npmjs.org/unist-util-visit-parents cache-miss
143 http fetch GET 200 https://registry.npmjs.org/extend 35ms (cache miss)
144 silly packumentCache full:https://registry.npmjs.org/extend set size:undefined disposed:false
145 http fetch GET 200 https://registry.npmjs.org/devlop 37ms (cache miss)
146 silly packumentCache full:https://registry.npmjs.org/devlop set size:undefined disposed:false
147 http fetch GET 200 https://registry.npmjs.org/@types%2funist 43ms (cache miss)
148 silly packumentCache full:https://registry.npmjs.org/@types%2funist set size:undefined disposed:false
149 http fetch GET 200 https://registry.npmjs.org/is-plain-obj 29ms (cache miss)
150 silly packumentCache full:https://registry.npmjs.org/is-plain-obj set size:undefined disposed:false
151 http fetch GET 200 https://registry.npmjs.org/vfile 28ms (cache miss)
152 silly packumentCache full:https://registry.npmjs.org/vfile set size:undefined disposed:false
153 http fetch GET 200 https://registry.npmjs.org/trough 31ms (cache miss)
154 silly packumentCache full:https://registry.npmjs.org/trough set size:undefined disposed:false
155 http fetch GET 200 https://registry.npmjs.org/unist-util-visit-parents 35ms (cache miss)
156 silly packumentCache full:https://registry.npmjs.org/unist-util-visit-parents set size:undefined disposed:false
157 http fetch GET 200 https://registry.npmjs.org/unist-util-is 36ms (cache miss)
158 silly packumentCache full:https://registry.npmjs.org/unist-util-is set size:undefined disposed:false
159 http fetch GET 200 https://registry.npmjs.org/@types%2funist 47ms (cache miss)
160 silly packumentCache full:https://registry.npmjs.org/@types%2funist set size:undefined disposed:false
161 silly placeDep ROOT undici-types@6.21.0 OK for: @types/node@20.19.43 want: ~6.21.0
162 silly placeDep ROOT foreground-child@3.3.1 OK for: glob@10.5.0 want: ^3.1.0
163 silly placeDep ROOT jackspeak@3.4.3 OK for: glob@10.5.0 want: ^3.1.2
164 silly placeDep ROOT minimatch@9.0.9 OK for: glob@10.5.0 want: ^9.0.4
165 silly placeDep ROOT minipass@7.1.3 OK for: glob@10.5.0 want: ^7.1.2
166 silly placeDep ROOT package-json-from-dist@1.0.1 OK for: glob@10.5.0 want: ^1.0.0
167 silly placeDep ROOT path-scurry@1.11.1 OK for: glob@10.5.0 want: ^1.11.1
168 silly fetch manifest cross-spawn@^7.0.6
169 silly packumentCache full:https://registry.npmjs.org/cross-spawn cache-miss
170 silly fetch manifest signal-exit@^4.0.1
171 silly packumentCache full:https://registry.npmjs.org/signal-exit cache-miss
172 silly fetch manifest @isaacs/cliui@^8.0.2
173 silly packumentCache full:https://registry.npmjs.org/@isaacs%2fcliui cache-miss
174 silly fetch manifest @pkgjs/parseargs@^0.11.0
175 silly packumentCache full:https://registry.npmjs.org/@pkgjs%2fparseargs cache-miss
176 silly fetch manifest brace-expansion@^2.0.2
177 silly packumentCache full:https://registry.npmjs.org/brace-expansion cache-miss
178 silly fetch manifest lru-cache@^10.2.0
179 silly packumentCache full:https://registry.npmjs.org/lru-cache cache-miss
180 http fetch GET 200 https://registry.npmjs.org/cross-spawn 27ms (cache miss)
181 silly packumentCache full:https://registry.npmjs.org/cross-spawn set size:undefined disposed:false
182 http fetch GET 200 https://registry.npmjs.org/brace-expansion 33ms (cache miss)
183 silly packumentCache full:https://registry.npmjs.org/brace-expansion set size:undefined disposed:false
184 http fetch GET 200 https://registry.npmjs.org/signal-exit 37ms (cache miss)
185 silly packumentCache full:https://registry.npmjs.org/signal-exit set size:undefined disposed:false
186 http fetch GET 200 https://registry.npmjs.org/@isaacs%2fcliui 42ms (cache miss)
187 silly packumentCache full:https://registry.npmjs.org/@isaacs%2fcliui set size:undefined disposed:false
188 http fetch GET 200 https://registry.npmjs.org/@pkgjs%2fparseargs 48ms (cache miss)
189 silly packumentCache full:https://registry.npmjs.org/@pkgjs%2fparseargs set size:undefined disposed:false
190 http fetch GET 200 https://registry.npmjs.org/lru-cache 59ms (cache miss)
191 silly packumentCache full:https://registry.npmjs.org/lru-cache set size:undefined disposed:false
192 silly placeDep ROOT cross-spawn@7.0.6 OK for: foreground-child@3.3.1 want: ^7.0.6
193 silly placeDep ROOT signal-exit@4.1.0 OK for: foreground-child@3.3.1 want: ^4.0.1
194 silly fetch manifest which@^2.0.1
195 silly packumentCache full:https://registry.npmjs.org/which cache-miss
196 silly fetch manifest path-key@^3.1.0
197 silly packumentCache full:https://registry.npmjs.org/path-key cache-miss
198 silly fetch manifest shebang-command@^2.0.0
199 silly packumentCache full:https://registry.npmjs.org/shebang-command cache-miss
200 http fetch GET 200 https://registry.npmjs.org/path-key 30ms (cache miss)
201 silly packumentCache full:https://registry.npmjs.org/path-key set size:undefined disposed:false
202 http fetch GET 200 https://registry.npmjs.org/shebang-command 30ms (cache miss)
203 silly packumentCache full:https://registry.npmjs.org/shebang-command set size:undefined disposed:false
204 http fetch GET 200 https://registry.npmjs.org/which 31ms (cache miss)
205 silly packumentCache full:https://registry.npmjs.org/which set size:undefined disposed:false
206 silly placeDep ROOT path-key@3.1.1 OK for: cross-spawn@7.0.6 want: ^3.1.0
207 silly placeDep ROOT shebang-command@2.0.0 OK for: cross-spawn@7.0.6 want: ^2.0.0
208 silly placeDep ROOT which@2.0.2 OK for: cross-spawn@7.0.6 want: ^2.0.1
209 silly fetch manifest shebang-regex@^3.0.0
210 silly packumentCache full:https://registry.npmjs.org/shebang-regex cache-miss
211 silly fetch manifest isexe@^2.0.0
212 silly packumentCache full:https://registry.npmjs.org/isexe cache-miss
213 http fetch GET 200 https://registry.npmjs.org/shebang-regex 25ms (cache miss)
214 silly packumentCache full:https://registry.npmjs.org/shebang-regex set size:undefined disposed:false
215 http fetch GET 200 https://registry.npmjs.org/isexe 36ms (cache miss)
216 silly packumentCache full:https://registry.npmjs.org/isexe set size:undefined disposed:false
217 silly placeDep ROOT @isaacs/cliui@8.0.2 OK for: jackspeak@3.4.3 want: ^8.0.2
218 silly placeDep ROOT @pkgjs/parseargs@0.11.0 OK for: jackspeak@3.4.3 want: ^0.11.0
219 silly fetch manifest wrap-ansi@^8.1.0
220 silly packumentCache full:https://registry.npmjs.org/wrap-ansi cache-miss
221 silly fetch manifest strip-ansi@^7.0.1
222 silly packumentCache full:https://registry.npmjs.org/strip-ansi cache-miss
223 silly fetch manifest string-width@^5.1.2
224 silly packumentCache full:https://registry.npmjs.org/string-width cache-miss
225 silly fetch manifest wrap-ansi-cjs@npm:wrap-ansi@^7.0.0
226 silly packumentCache full:https://registry.npmjs.org/wrap-ansi cache-miss
227 silly fetch manifest strip-ansi-cjs@npm:strip-ansi@^6.0.1
228 silly packumentCache full:https://registry.npmjs.org/strip-ansi cache-miss
229 silly fetch manifest string-width-cjs@npm:string-width@^4.2.0
230 silly packumentCache full:https://registry.npmjs.org/string-width cache-miss
231 http fetch GET 200 https://registry.npmjs.org/strip-ansi 28ms (cache miss)
232 silly packumentCache full:https://registry.npmjs.org/strip-ansi set size:undefined disposed:false
233 http fetch GET 200 https://registry.npmjs.org/strip-ansi 32ms (cache miss)
234 silly packumentCache full:https://registry.npmjs.org/strip-ansi set size:undefined disposed:false
235 http fetch GET 200 https://registry.npmjs.org/string-width 32ms (cache miss)
236 silly packumentCache full:https://registry.npmjs.org/string-width set size:undefined disposed:false
237 http fetch GET 200 https://registry.npmjs.org/string-width 37ms (cache miss)
238 silly packumentCache full:https://registry.npmjs.org/string-width set size:undefined disposed:false
239 http fetch GET 200 https://registry.npmjs.org/wrap-ansi 38ms (cache miss)
240 silly packumentCache full:https://registry.npmjs.org/wrap-ansi set size:undefined disposed:false
241 http fetch GET 200 https://registry.npmjs.org/wrap-ansi 39ms (cache miss)
242 silly packumentCache full:https://registry.npmjs.org/wrap-ansi set size:undefined disposed:false
243 silly placeDep ROOT string-width@5.1.2 OK for: @isaacs/cliui@8.0.2 want: ^5.1.2
244 silly placeDep ROOT string-width-cjs@4.2.3 OK for: @isaacs/cliui@8.0.2 want: npm:string-width@^4.2.0
245 silly placeDep ROOT strip-ansi@7.2.0 OK for: @isaacs/cliui@8.0.2 want: ^7.0.1
246 silly placeDep ROOT strip-ansi-cjs@6.0.1 OK for: @isaacs/cliui@8.0.2 want: npm:strip-ansi@^6.0.1
247 silly placeDep ROOT wrap-ansi@8.1.0 OK for: @isaacs/cliui@8.0.2 want: ^8.1.0
248 silly placeDep ROOT wrap-ansi-cjs@7.0.0 OK for: @isaacs/cliui@8.0.2 want: npm:wrap-ansi@^7.0.0
249 silly fetch manifest emoji-regex@^9.2.2
250 silly packumentCache full:https://registry.npmjs.org/emoji-regex cache-miss
251 silly fetch manifest eastasianwidth@^0.2.0
252 silly packumentCache full:https://registry.npmjs.org/eastasianwidth cache-miss
253 silly fetch manifest strip-ansi@^6.0.1
254 silly packumentCache full:https://registry.npmjs.org/strip-ansi cache-miss
255 silly fetch manifest emoji-regex@^8.0.0
256 silly packumentCache full:https://registry.npmjs.org/emoji-regex cache-miss
257 silly fetch manifest is-fullwidth-code-point@^3.0.0
258 silly packumentCache full:https://registry.npmjs.org/is-fullwidth-code-point cache-miss
259 silly fetch manifest ansi-regex@^6.2.2
260 silly packumentCache full:https://registry.npmjs.org/ansi-regex cache-miss
261 silly fetch manifest ansi-regex@^5.0.1
262 silly packumentCache full:https://registry.npmjs.org/ansi-regex cache-miss
263 silly fetch manifest ansi-styles@^6.1.0
264 silly packumentCache full:https://registry.npmjs.org/ansi-styles cache-miss
265 silly fetch manifest strip-ansi@^6.0.0
266 silly packumentCache full:https://registry.npmjs.org/strip-ansi cache-miss
267 http fetch GET 200 https://registry.npmjs.org/strip-ansi 3ms (cache hit)
268 silly packumentCache full:https://registry.npmjs.org/strip-ansi set size:44998 disposed:false
269 silly fetch manifest ansi-styles@^4.0.0
270 silly packumentCache full:https://registry.npmjs.org/ansi-styles cache-miss
271 http fetch GET 200 https://registry.npmjs.org/strip-ansi 5ms (cache hit)
272 silly packumentCache full:https://registry.npmjs.org/strip-ansi set size:44998 disposed:false
273 silly packumentCache full:https://registry.npmjs.org/strip-ansi dispose
274 silly fetch manifest string-width@^4.1.0
275 silly packumentCache full:https://registry.npmjs.org/string-width cache-miss
276 http fetch GET 200 https://registry.npmjs.org/string-width 1ms (cache hit)
277 silly packumentCache full:https://registry.npmjs.org/string-width set size:72458 disposed:false
278 http fetch GET 200 https://registry.npmjs.org/emoji-regex 29ms (cache miss)
279 silly packumentCache full:https://registry.npmjs.org/emoji-regex set size:undefined disposed:false
280 http fetch GET 200 https://registry.npmjs.org/ansi-regex 31ms (cache miss)
281 silly packumentCache full:https://registry.npmjs.org/ansi-regex set size:undefined disposed:false
282 http fetch GET 200 https://registry.npmjs.org/ansi-regex 34ms (cache miss)
283 silly packumentCache full:https://registry.npmjs.org/ansi-regex set size:undefined disposed:false
284 http fetch GET 200 https://registry.npmjs.org/eastasianwidth 35ms (cache miss)
285 silly packumentCache full:https://registry.npmjs.org/eastasianwidth set size:undefined disposed:false
286 http fetch GET 200 https://registry.npmjs.org/emoji-regex 38ms (cache miss)
287 silly packumentCache full:https://registry.npmjs.org/emoji-regex set size:undefined disposed:false
288 http fetch GET 200 https://registry.npmjs.org/is-fullwidth-code-point 38ms (cache miss)
289 silly packumentCache full:https://registry.npmjs.org/is-fullwidth-code-point set size:undefined disposed:false
290 http fetch GET 200 https://registry.npmjs.org/ansi-styles 44ms (cache miss)
291 silly packumentCache full:https://registry.npmjs.org/ansi-styles set size:undefined disposed:false
292 http fetch GET 200 https://registry.npmjs.org/ansi-styles 40ms (cache miss)
293 silly packumentCache full:https://registry.npmjs.org/ansi-styles set size:undefined disposed:false
294 silly placeDep ROOT brace-expansion@2.1.2 OK for: minimatch@9.0.9 want: ^2.0.2
295 silly fetch manifest balanced-match@^1.0.0
296 silly packumentCache full:https://registry.npmjs.org/balanced-match cache-miss
297 http fetch GET 200 https://registry.npmjs.org/balanced-match 33ms (cache miss)
298 silly packumentCache full:https://registry.npmjs.org/balanced-match set size:undefined disposed:false
299 silly placeDep ROOT balanced-match@1.0.2 OK for: brace-expansion@2.1.2 want: ^1.0.0
300 silly placeDep ROOT lru-cache@10.4.3 OK for: path-scurry@1.11.1 want: ^10.2.0
301 silly placeDep ROOT @types/mdast@4.0.4 OK for: remark-frontmatter@5.0.0 want: ^4.0.0
302 silly placeDep ROOT mdast-util-frontmatter@2.0.1 OK for: remark-frontmatter@5.0.0 want: ^2.0.0
303 silly placeDep ROOT micromark-extension-frontmatter@2.0.0 OK for: remark-frontmatter@5.0.0 want: ^2.0.0
304 silly fetch manifest @types/unist@*
305 silly packumentCache full:https://registry.npmjs.org/@types%2funist cache-miss
306 silly fetch manifest escape-string-regexp@^5.0.0
307 silly packumentCache full:https://registry.npmjs.org/escape-string-regexp cache-miss
308 silly fetch manifest mdast-util-to-markdown@^2.0.0
309 silly packumentCache full:https://registry.npmjs.org/mdast-util-to-markdown cache-miss
310 silly fetch manifest fault@^2.0.0
311 silly packumentCache full:https://registry.npmjs.org/fault cache-miss
312 silly fetch manifest micromark-util-character@^2.0.0
313 silly packumentCache full:https://registry.npmjs.org/micromark-util-character cache-miss
314 silly fetch manifest micromark-util-symbol@^2.0.0
315 silly packumentCache full:https://registry.npmjs.org/micromark-util-symbol cache-miss
316 http fetch GET 200 https://registry.npmjs.org/@types%2funist 3ms (cache hit)
317 silly packumentCache full:https://registry.npmjs.org/@types%2funist set size:39215 disposed:false
318 http fetch GET 200 https://registry.npmjs.org/micromark-util-symbol 27ms (cache miss)
319 silly packumentCache full:https://registry.npmjs.org/micromark-util-symbol set size:undefined disposed:false
320 http fetch GET 200 https://registry.npmjs.org/micromark-util-character 28ms (cache miss)
321 silly packumentCache full:https://registry.npmjs.org/micromark-util-character set size:undefined disposed:false
322 http fetch GET 200 https://registry.npmjs.org/escape-string-regexp 29ms (cache miss)
323 silly packumentCache full:https://registry.npmjs.org/escape-string-regexp set size:undefined disposed:false
324 http fetch GET 200 https://registry.npmjs.org/fault 30ms (cache miss)
325 silly packumentCache full:https://registry.npmjs.org/fault set size:undefined disposed:false
326 http fetch GET 200 https://registry.npmjs.org/mdast-util-to-markdown 36ms (cache miss)
327 silly packumentCache full:https://registry.npmjs.org/mdast-util-to-markdown set size:undefined disposed:false
328 silly placeDep ROOT @types/unist@3.0.3 OK for: @types/mdast@4.0.4 want: *
329 silly placeDep ROOT devlop@1.1.0 OK for: mdast-util-frontmatter@2.0.1 want: ^1.0.0
330 silly placeDep ROOT escape-string-regexp@5.0.0 OK for: mdast-util-frontmatter@2.0.1 want: ^5.0.0
331 silly placeDep ROOT mdast-util-from-markdown@2.0.3 OK for: mdast-util-frontmatter@2.0.1 want: ^2.0.0
332 silly placeDep ROOT mdast-util-to-markdown@2.1.2 OK for: mdast-util-frontmatter@2.0.1 want: ^2.0.0
333 silly fetch manifest dequal@^2.0.0
334 silly packumentCache full:https://registry.npmjs.org/dequal cache-miss
335 silly fetch manifest decode-named-character-reference@^1.0.0
336 silly packumentCache full:https://registry.npmjs.org/decode-named-character-reference cache-miss
337 silly fetch manifest mdast-util-to-string@^4.0.0
338 silly packumentCache full:https://registry.npmjs.org/mdast-util-to-string cache-miss
339 silly fetch manifest micromark@^4.0.0
340 silly packumentCache full:https://registry.npmjs.org/micromark cache-miss
341 silly fetch manifest micromark-util-decode-numeric-character-reference@^2.0.0
342 silly packumentCache full:https://registry.npmjs.org/micromark-util-decode-numeric-character-reference cache-miss
343 silly fetch manifest micromark-util-decode-string@^2.0.0
344 silly packumentCache full:https://registry.npmjs.org/micromark-util-decode-string cache-miss
345 silly fetch manifest micromark-util-normalize-identifier@^2.0.0
346 silly packumentCache full:https://registry.npmjs.org/micromark-util-normalize-identifier cache-miss
347 silly fetch manifest unist-util-stringify-position@^4.0.0
348 silly packumentCache full:https://registry.npmjs.org/unist-util-stringify-position cache-miss
349 silly fetch manifest longest-streak@^3.0.0
350 silly packumentCache full:https://registry.npmjs.org/longest-streak cache-miss
351 http fetch GET 200 https://registry.npmjs.org/micromark-util-decode-string 32ms (cache miss)
352 silly packumentCache full:https://registry.npmjs.org/micromark-util-decode-string set size:undefined disposed:false
353 silly fetch manifest mdast-util-phrasing@^4.0.0
354 silly packumentCache full:https://registry.npmjs.org/mdast-util-phrasing cache-miss
355 http fetch GET 200 https://registry.npmjs.org/micromark-util-decode-numeric-character-reference 33ms (cache miss)
356 silly packumentCache full:https://registry.npmjs.org/micromark-util-decode-numeric-character-reference set size:undefined disposed:false
357 silly fetch manifest mdast-util-to-string@^4.0.0
358 silly packumentCache full:https://registry.npmjs.org/mdast-util-to-string cache-miss
359 http fetch GET 200 https://registry.npmjs.org/dequal 36ms (cache miss)
360 silly packumentCache full:https://registry.npmjs.org/dequal set size:undefined disposed:false
361 silly fetch manifest micromark-util-classify-character@^2.0.0
362 silly packumentCache full:https://registry.npmjs.org/micromark-util-classify-character cache-miss
363 http fetch GET 200 https://registry.npmjs.org/decode-named-character-reference 35ms (cache miss)
364 silly packumentCache full:https://registry.npmjs.org/decode-named-character-reference set size:undefined disposed:false
365 silly fetch manifest zwitch@^2.0.0
366 silly packumentCache full:https://registry.npmjs.org/zwitch cache-miss
367 http fetch GET 200 https://registry.npmjs.org/micromark-util-normalize-identifier 36ms (cache miss)
368 silly packumentCache full:https://registry.npmjs.org/micromark-util-normalize-identifier set size:undefined disposed:false
369 http fetch GET 200 https://registry.npmjs.org/longest-streak 35ms (cache miss)
370 silly packumentCache full:https://registry.npmjs.org/longest-streak set size:undefined disposed:false
371 http fetch GET 200 https://registry.npmjs.org/unist-util-stringify-position 36ms (cache miss)
372 silly packumentCache full:https://registry.npmjs.org/unist-util-stringify-position set size:undefined disposed:false
373 http fetch GET 200 https://registry.npmjs.org/mdast-util-to-string 38ms (cache miss)
374 silly packumentCache full:https://registry.npmjs.org/mdast-util-to-string set size:undefined disposed:false
375 http fetch GET 200 https://registry.npmjs.org/micromark 41ms (cache miss)
376 silly packumentCache full:https://registry.npmjs.org/micromark set size:undefined disposed:false
377 http fetch GET 200 https://registry.npmjs.org/mdast-util-to-string 27ms (cache miss)
378 silly packumentCache full:https://registry.npmjs.org/mdast-util-to-string set size:undefined disposed:false
379 http fetch GET 200 https://registry.npmjs.org/mdast-util-phrasing 30ms (cache miss)
380 silly packumentCache full:https://registry.npmjs.org/mdast-util-phrasing set size:undefined disposed:false
381 http fetch GET 200 https://registry.npmjs.org/micromark-util-classify-character 33ms (cache miss)
382 silly packumentCache full:https://registry.npmjs.org/micromark-util-classify-character set size:undefined disposed:false
383 http fetch GET 200 https://registry.npmjs.org/zwitch 32ms (cache miss)
384 silly packumentCache full:https://registry.npmjs.org/zwitch set size:undefined disposed:false
385 silly placeDep ROOT dequal@2.0.3 OK for: devlop@1.1.0 want: ^2.0.0
386 silly placeDep ROOT decode-named-character-reference@1.3.0 OK for: mdast-util-from-markdown@2.0.3 want: ^1.0.0
387 silly placeDep ROOT mdast-util-to-string@4.0.0 OK for: mdast-util-from-markdown@2.0.3 want: ^4.0.0
388 silly placeDep ROOT micromark@4.0.2 OK for: mdast-util-from-markdown@2.0.3 want: ^4.0.0
389 silly placeDep ROOT micromark-util-decode-numeric-character-reference@2.0.2 OK for: mdast-util-from-markdown@2.0.3 want: ^2.0.0
390 silly placeDep ROOT micromark-util-decode-string@2.0.1 OK for: mdast-util-from-markdown@2.0.3 want: ^2.0.0
391 silly placeDep ROOT micromark-util-normalize-identifier@2.0.1 OK for: mdast-util-from-markdown@2.0.3 want: ^2.0.0
392 silly placeDep ROOT micromark-util-symbol@2.0.1 OK for: mdast-util-from-markdown@2.0.3 want: ^2.0.0
393 silly placeDep ROOT micromark-util-types@2.0.2 OK for: mdast-util-from-markdown@2.0.3 want: ^2.0.0
394 silly placeDep ROOT unist-util-stringify-position@4.0.0 OK for: mdast-util-from-markdown@2.0.3 want: ^4.0.0
395 silly fetch manifest character-entities@^2.0.0
396 silly packumentCache full:https://registry.npmjs.org/character-entities cache-miss
397 silly fetch manifest @types/debug@^4.0.0
398 silly packumentCache full:https://registry.npmjs.org/@types%2fdebug cache-miss
399 silly fetch manifest debug@^4.0.0
400 silly packumentCache full:https://registry.npmjs.org/debug cache-miss
401 silly fetch manifest micromark-core-commonmark@^2.0.0
402 silly packumentCache full:https://registry.npmjs.org/micromark-core-commonmark cache-miss
403 silly fetch manifest micromark-factory-space@^2.0.0
404 silly packumentCache full:https://registry.npmjs.org/micromark-factory-space cache-miss
405 silly fetch manifest micromark-util-chunked@^2.0.0
406 silly packumentCache full:https://registry.npmjs.org/micromark-util-chunked cache-miss
407 silly fetch manifest micromark-util-combine-extensions@^2.0.0
408 silly packumentCache full:https://registry.npmjs.org/micromark-util-combine-extensions cache-miss
409 silly fetch manifest micromark-util-encode@^2.0.0
410 silly packumentCache full:https://registry.npmjs.org/micromark-util-encode cache-miss
411 silly fetch manifest micromark-util-resolve-all@^2.0.0
412 silly packumentCache full:https://registry.npmjs.org/micromark-util-resolve-all cache-miss
413 http fetch GET 200 https://registry.npmjs.org/micromark-util-encode 30ms (cache miss)
414 silly packumentCache full:https://registry.npmjs.org/micromark-util-encode set size:undefined disposed:false
415 silly fetch manifest micromark-util-sanitize-uri@^2.0.0
416 silly packumentCache full:https://registry.npmjs.org/micromark-util-sanitize-uri cache-miss
417 http fetch GET 200 https://registry.npmjs.org/micromark-util-combine-extensions 30ms (cache miss)
418 silly packumentCache full:https://registry.npmjs.org/micromark-util-combine-extensions set size:undefined disposed:false
419 silly fetch manifest micromark-util-subtokenize@^2.0.0
420 silly packumentCache full:https://registry.npmjs.org/micromark-util-subtokenize cache-miss
421 http fetch GET 200 https://registry.npmjs.org/micromark-util-chunked 32ms (cache miss)
422 silly packumentCache full:https://registry.npmjs.org/micromark-util-chunked set size:undefined disposed:false
423 http fetch GET 200 https://registry.npmjs.org/character-entities 35ms (cache miss)
424 silly packumentCache full:https://registry.npmjs.org/character-entities set size:undefined disposed:false
425 http fetch GET 200 https://registry.npmjs.org/micromark-util-resolve-all 35ms (cache miss)
426 silly packumentCache full:https://registry.npmjs.org/micromark-util-resolve-all set size:undefined disposed:false
427 http fetch GET 200 https://registry.npmjs.org/micromark-factory-space 36ms (cache miss)
428 silly packumentCache full:https://registry.npmjs.org/micromark-factory-space set size:undefined disposed:false
429 http fetch GET 200 https://registry.npmjs.org/micromark-core-commonmark 36ms (cache miss)
430 silly packumentCache full:https://registry.npmjs.org/micromark-core-commonmark set size:undefined disposed:false
431 http fetch GET 200 https://registry.npmjs.org/debug 38ms (cache miss)
432 silly packumentCache full:https://registry.npmjs.org/debug set size:undefined disposed:false
433 http fetch GET 200 https://registry.npmjs.org/@types%2fdebug 46ms (cache miss)
434 silly packumentCache full:https://registry.npmjs.org/@types%2fdebug set size:undefined disposed:false
435 http fetch GET 200 https://registry.npmjs.org/micromark-util-subtokenize 29ms (cache miss)
436 silly packumentCache full:https://registry.npmjs.org/micromark-util-subtokenize set size:undefined disposed:false
437 http fetch GET 200 https://registry.npmjs.org/micromark-util-sanitize-uri 32ms (cache miss)
438 silly packumentCache full:https://registry.npmjs.org/micromark-util-sanitize-uri set size:undefined disposed:false
439 silly placeDep ROOT character-entities@2.0.2 OK for: decode-named-character-reference@1.3.0 want: ^2.0.0
440 silly placeDep ROOT longest-streak@3.1.0 OK for: mdast-util-to-markdown@2.1.2 want: ^3.0.0
441 silly placeDep ROOT mdast-util-phrasing@4.1.0 OK for: mdast-util-to-markdown@2.1.2 want: ^4.0.0
442 silly placeDep ROOT micromark-util-classify-character@2.0.1 OK for: mdast-util-to-markdown@2.1.2 want: ^2.0.0
443 silly placeDep ROOT zwitch@2.0.4 OK for: mdast-util-to-markdown@2.1.2 want: ^2.0.0
444 silly placeDep ROOT unist-util-is@6.0.1 OK for: mdast-util-phrasing@4.1.0 want: ^6.0.0
445 silly placeDep ROOT @types/debug@4.1.13 OK for: micromark@4.0.2 want: ^4.0.0
446 silly placeDep ROOT debug@4.4.3 OK for: micromark@4.0.2 want: ^4.0.0
447 silly placeDep ROOT micromark-core-commonmark@2.0.3 OK for: micromark@4.0.2 want: ^2.0.0
448 silly placeDep ROOT micromark-factory-space@2.0.1 OK for: micromark@4.0.2 want: ^2.0.0
449 silly placeDep ROOT micromark-util-character@2.1.1 OK for: micromark@4.0.2 want: ^2.0.0
450 silly placeDep ROOT micromark-util-chunked@2.0.1 OK for: micromark@4.0.2 want: ^2.0.0
451 silly placeDep ROOT micromark-util-combine-extensions@2.0.1 OK for: micromark@4.0.2 want: ^2.0.0
452 silly placeDep ROOT micromark-util-encode@2.0.1 OK for: micromark@4.0.2 want: ^2.0.0
453 silly placeDep ROOT micromark-util-resolve-all@2.0.1 OK for: micromark@4.0.2 want: ^2.0.0
454 silly placeDep ROOT micromark-util-sanitize-uri@2.0.1 OK for: micromark@4.0.2 want: ^2.0.0
455 silly placeDep ROOT micromark-util-subtokenize@2.1.0 OK for: micromark@4.0.2 want: ^2.0.0
456 silly fetch manifest @types/ms@*
457 silly packumentCache full:https://registry.npmjs.org/@types%2fms cache-miss
458 silly fetch manifest ms@^2.1.3
459 silly packumentCache full:https://registry.npmjs.org/ms cache-miss
460 silly fetch manifest micromark-factory-destination@^2.0.0
461 silly packumentCache full:https://registry.npmjs.org/micromark-factory-destination cache-miss
462 silly fetch manifest micromark-factory-label@^2.0.0
463 silly packumentCache full:https://registry.npmjs.org/micromark-factory-label cache-miss
464 silly fetch manifest micromark-factory-title@^2.0.0
465 silly packumentCache full:https://registry.npmjs.org/micromark-factory-title cache-miss
466 silly fetch manifest micromark-factory-whitespace@^2.0.0
467 silly packumentCache full:https://registry.npmjs.org/micromark-factory-whitespace cache-miss
468 silly fetch manifest micromark-util-html-tag-name@^2.0.0
469 silly packumentCache full:https://registry.npmjs.org/micromark-util-html-tag-name cache-miss
470 http fetch GET 200 https://registry.npmjs.org/@types%2fms 29ms (cache miss)
471 silly packumentCache full:https://registry.npmjs.org/@types%2fms set size:undefined disposed:false
472 http fetch GET 200 https://registry.npmjs.org/micromark-factory-label 29ms (cache miss)
473 silly packumentCache full:https://registry.npmjs.org/micromark-factory-label set size:undefined disposed:false
474 http fetch GET 200 https://registry.npmjs.org/micromark-factory-whitespace 28ms (cache miss)
475 silly packumentCache full:https://registry.npmjs.org/micromark-factory-whitespace set size:undefined disposed:false
476 http fetch GET 200 https://registry.npmjs.org/ms 30ms (cache miss)
477 silly packumentCache full:https://registry.npmjs.org/ms set size:undefined disposed:false
478 http fetch GET 200 https://registry.npmjs.org/micromark-factory-destination 33ms (cache miss)
479 silly packumentCache full:https://registry.npmjs.org/micromark-factory-destination set size:undefined disposed:false
480 http fetch GET 200 https://registry.npmjs.org/micromark-factory-title 33ms (cache miss)
481 silly packumentCache full:https://registry.npmjs.org/micromark-factory-title set size:undefined disposed:false
482 http fetch GET 200 https://registry.npmjs.org/micromark-util-html-tag-name 33ms (cache miss)
483 silly packumentCache full:https://registry.npmjs.org/micromark-util-html-tag-name set size:undefined disposed:false
484 silly placeDep ROOT @types/ms@2.1.0 OK for: @types/debug@4.1.13 want: *
485 silly placeDep ROOT ms@2.1.3 OK for: debug@4.4.3 want: ^2.1.3
486 silly placeDep ROOT micromark-factory-destination@2.0.1 OK for: micromark-core-commonmark@2.0.3 want: ^2.0.0
487 silly placeDep ROOT micromark-factory-label@2.0.1 OK for: micromark-core-commonmark@2.0.3 want: ^2.0.0
488 silly placeDep ROOT micromark-factory-title@2.0.1 OK for: micromark-core-commonmark@2.0.3 want: ^2.0.0
489 silly placeDep ROOT micromark-factory-whitespace@2.0.1 OK for: micromark-core-commonmark@2.0.3 want: ^2.0.0
490 silly placeDep ROOT micromark-util-html-tag-name@2.0.1 OK for: micromark-core-commonmark@2.0.3 want: ^2.0.0
491 silly placeDep ROOT fault@2.0.1 OK for: micromark-extension-frontmatter@2.0.0 want: ^2.0.0
492 silly fetch manifest format@^0.2.0
493 silly packumentCache full:https://registry.npmjs.org/format cache-miss
494 http fetch GET 200 https://registry.npmjs.org/format 29ms (cache miss)
495 silly packumentCache full:https://registry.npmjs.org/format set size:undefined disposed:false
496 silly placeDep ROOT format@0.2.2 OK for: fault@2.0.1 want: ^0.2.0
497 silly placeDep ROOT shebang-regex@3.0.0 OK for: shebang-command@2.0.0 want: ^3.0.0
498 silly placeDep ROOT eastasianwidth@0.2.0 OK for: string-width@5.1.2 want: ^0.2.0
499 silly placeDep ROOT emoji-regex@9.2.2 OK for: string-width@5.1.2 want: ^9.2.2
500 silly placeDep node_modules/string-width-cjs emoji-regex@8.0.0 OK for: string-width@4.2.3 want: ^8.0.0
501 silly placeDep ROOT is-fullwidth-code-point@3.0.0 OK for: string-width@4.2.3 want: ^3.0.0
502 silly placeDep node_modules/string-width-cjs strip-ansi@6.0.1 OK for: string-width@4.2.3 want: ^6.0.1
503 silly placeDep ROOT ansi-regex@6.2.2 OK for: strip-ansi@7.2.0 want: ^6.2.2
504 silly placeDep node_modules/strip-ansi-cjs ansi-regex@5.0.1 OK for: strip-ansi@6.0.1 want: ^5.0.1
505 silly placeDep ROOT bail@2.0.2 OK for: unified@11.0.5 want: ^2.0.0
506 silly placeDep ROOT extend@3.0.2 OK for: unified@11.0.5 want: ^3.0.0
507 silly placeDep ROOT is-plain-obj@4.1.0 OK for: unified@11.0.5 want: ^4.0.0
508 silly placeDep ROOT trough@2.2.0 OK for: unified@11.0.5 want: ^2.0.0
509 silly placeDep ROOT vfile@6.0.3 OK for: unified@11.0.5 want: ^6.0.0
510 silly fetch manifest vfile-message@^4.0.0
511 silly packumentCache full:https://registry.npmjs.org/vfile-message cache-miss
512 http fetch GET 200 https://registry.npmjs.org/vfile-message 30ms (cache miss)
513 silly packumentCache full:https://registry.npmjs.org/vfile-message set size:undefined disposed:false
514 silly placeDep ROOT unist-util-visit-parents@6.0.2 OK for: unist-util-visit@5.1.0 want: ^6.0.0
515 silly placeDep ROOT vfile-message@4.0.3 OK for: vfile@6.0.3 want: ^4.0.0
516 silly placeDep ROOT isexe@2.0.0 OK for: which@2.0.2 want: ^2.0.0
517 silly placeDep ROOT ansi-styles@6.2.3 OK for: wrap-ansi@8.1.0 want: ^6.1.0
518 silly placeDep node_modules/wrap-ansi-cjs ansi-styles@4.3.0 OK for: wrap-ansi@7.0.0 want: ^4.0.0
519 silly placeDep node_modules/wrap-ansi-cjs string-width@4.2.3 OK for: wrap-ansi@7.0.0 want: ^4.1.0
520 silly placeDep node_modules/wrap-ansi-cjs strip-ansi@6.0.1 OK for: wrap-ansi@7.0.0 want: ^6.0.0
521 silly fetch manifest color-convert@^2.0.1
522 silly packumentCache full:https://registry.npmjs.org/color-convert cache-miss
523 http fetch GET 200 https://registry.npmjs.org/color-convert 31ms (cache miss)
524 silly packumentCache full:https://registry.npmjs.org/color-convert set size:undefined disposed:false
525 silly placeDep node_modules/string-width-cjs ansi-regex@5.0.1 OK for: strip-ansi@6.0.1 want: ^5.0.1
526 silly placeDep ROOT color-convert@2.0.1 OK for: ansi-styles@4.3.0 want: ^2.0.1
527 silly fetch manifest color-name@~1.1.4
528 silly packumentCache full:https://registry.npmjs.org/color-name cache-miss
529 http fetch GET 200 https://registry.npmjs.org/color-name 30ms (cache miss)
530 silly packumentCache full:https://registry.npmjs.org/color-name set size:undefined disposed:false
531 silly placeDep ROOT color-name@1.1.4 OK for: color-convert@2.0.1 want: ~1.1.4
532 silly placeDep node_modules/wrap-ansi-cjs emoji-regex@8.0.0 OK for: string-width@4.2.3 want: ^8.0.0
533 silly placeDep node_modules/wrap-ansi-cjs ansi-regex@5.0.1 OK for: strip-ansi@6.0.1 want: ^5.0.1
534 silly reify moves {}
535 silly audit bulk request {
535 silly audit   '@types/node': [ '20.19.43' ],
535 silly audit   commander: [ '11.1.0' ],
535 silly audit   glob: [ '10.5.0' ],
535 silly audit   'remark-frontmatter': [ '5.0.0' ],
535 silly audit   'remark-parse': [ '11.0.0' ],
535 silly audit   typescript: [ '5.9.3' ],
535 silly audit   unified: [ '11.0.5' ],
535 silly audit   'unist-util-visit': [ '5.1.0' ],
535 silly audit   yaml: [ '2.9.0' ],
535 silly audit   zod: [ '3.25.76' ],
535 silly audit   'undici-types': [ '6.21.0' ],
535 silly audit   'foreground-child': [ '3.3.1' ],
535 silly audit   jackspeak: [ '3.4.3' ],
535 silly audit   minimatch: [ '9.0.9' ],
535 silly audit   minipass: [ '7.1.3' ],
535 silly audit   'package-json-from-dist': [ '1.0.1' ],
535 silly audit   'path-scurry': [ '1.11.1' ],
535 silly audit   'cross-spawn': [ '7.0.6' ],
535 silly audit   'signal-exit': [ '4.1.0' ],
535 silly audit   'path-key': [ '3.1.1' ],
535 silly audit   'shebang-command': [ '2.0.0' ],
535 silly audit   which: [ '2.0.2' ],
535 silly audit   '@isaacs/cliui': [ '8.0.2' ],
535 silly audit   '@pkgjs/parseargs': [ '0.11.0' ],
535 silly audit   'string-width': [ '5.1.2', '4.2.3' ],
535 silly audit   'strip-ansi': [ '7.2.0', '6.0.1' ],
535 silly audit   'wrap-ansi': [ '8.1.0', '7.0.0' ],
535 silly audit   'brace-expansion': [ '2.1.2' ],
535 silly audit   'balanced-match': [ '1.0.2' ],
535 silly audit   'lru-cache': [ '10.4.3' ],
535 silly audit   '@types/mdast': [ '4.0.4' ],
535 silly audit   'mdast-util-frontmatter': [ '2.0.1' ],
535 silly audit   'micromark-extension-frontmatter': [ '2.0.0' ],
535 silly audit   '@types/unist': [ '3.0.3' ],
535 silly audit   devlop: [ '1.1.0' ],
535 silly audit   'escape-string-regexp': [ '5.0.0' ],
535 silly audit   'mdast-util-from-markdown': [ '2.0.3' ],
535 silly audit   'mdast-util-to-markdown': [ '2.1.2' ],
535 silly audit   dequal: [ '2.0.3' ],
535 silly audit   'decode-named-character-reference': [ '1.3.0' ],
535 silly audit   'mdast-util-to-string': [ '4.0.0' ],
535 silly audit   micromark: [ '4.0.2' ],
535 silly audit   'micromark-util-decode-numeric-character-reference': [ '2.0.2' ],
535 silly audit   'micromark-util-decode-string': [ '2.0.1' ],
535 silly audit   'micromark-util-normalize-identifier': [ '2.0.1' ],
535 silly audit   'micromark-util-symbol': [ '2.0.1' ],
535 silly audit   'micromark-util-types': [ '2.0.2' ],
535 silly audit   'unist-util-stringify-position': [ '4.0.0' ],
535 silly audit   'character-entities': [ '2.0.2' ],
535 silly audit   'longest-streak': [ '3.1.0' ],
535 silly audit   'mdast-util-phrasing': [ '4.1.0' ],
535 silly audit   'micromark-util-classify-character': [ '2.0.1' ],
535 silly audit   zwitch: [ '2.0.4' ],
535 silly audit   'unist-util-is': [ '6.0.1' ],
535 silly audit   '@types/debug': [ '4.1.13' ],
535 silly audit   debug: [ '4.4.3' ],
535 silly audit   'micromark-core-commonmark': [ '2.0.3' ],
535 silly audit   'micromark-factory-space': [ '2.0.1' ],
535 silly audit   'micromark-util-character': [ '2.1.1' ],
535 silly audit   'micromark-util-chunked': [ '2.0.1' ],
535 silly audit   'micromark-util-combine-extensions': [ '2.0.1' ],
535 silly audit   'micromark-util-encode': [ '2.0.1' ],
535 silly audit   'micromark-util-resolve-all': [ '2.0.1' ],
535 silly audit   'micromark-util-sanitize-uri': [ '2.0.1' ],
535 silly audit   'micromark-util-subtokenize': [ '2.1.0' ],
535 silly audit   '@types/ms': [ '2.1.0' ],
535 silly audit   ms: [ '2.1.3' ],
535 silly audit   'micromark-factory-destination': [ '2.0.1' ],
535 silly audit   'micromark-factory-label': [ '2.0.1' ],
535 silly audit   'micromark-factory-title': [ '2.0.1' ],
535 silly audit   'micromark-factory-whitespace': [ '2.0.1' ],
535 silly audit   'micromark-util-html-tag-name': [ '2.0.1' ],
535 silly audit   fault: [ '2.0.1' ],
535 silly audit   format: [ '0.2.2' ],
535 silly audit   'shebang-regex': [ '3.0.0' ],
535 silly audit   eastasianwidth: [ '0.2.0' ],
535 silly audit   'emoji-regex': [ '9.2.2', '8.0.0' ],
535 silly audit   'is-fullwidth-code-point': [ '3.0.0' ],
535 silly audit   'ansi-regex': [ '6.2.2', '5.0.1' ],
535 silly audit   bail: [ '2.0.2' ],
535 silly audit   extend: [ '3.0.2' ],
535 silly audit   'is-plain-obj': [ '4.1.0' ],
535 silly audit   trough: [ '2.2.0' ],
535 silly audit   vfile: [ '6.0.3' ],
535 silly audit   'unist-util-visit-parents': [ '6.0.2' ],
535 silly audit   'vfile-message': [ '4.0.3' ],
535 silly audit   isexe: [ '2.0.0' ],
535 silly audit   'ansi-styles': [ '6.2.3', '4.3.0' ],
535 silly audit   'color-convert': [ '2.0.1' ],
535 silly audit   'color-name': [ '1.1.4' ]
535 silly audit }
536 silly tarball no local data for color-name@https://registry.npmjs.org/color-name/-/color-name-1.1.4.tgz. Extracting by manifest.
537 silly tarball no local data for color-convert@https://registry.npmjs.org/color-convert/-/color-convert-2.0.1.tgz. Extracting by manifest.
538 silly tarball no local data for ansi-styles@https://registry.npmjs.org/ansi-styles/-/ansi-styles-6.2.3.tgz. Extracting by manifest.
539 silly tarball no local data for unist-util-visit-parents@https://registry.npmjs.org/unist-util-visit-parents/-/unist-util-visit-parents-6.0.2.tgz. Extracting by manifest.
540 silly tarball no local data for isexe@https://registry.npmjs.org/isexe/-/isexe-2.0.0.tgz. Extracting by manifest.
541 silly tarball no local data for vfile-message@https://registry.npmjs.org/vfile-message/-/vfile-message-4.0.3.tgz. Extracting by manifest.
542 silly tarball no local data for is-plain-obj@https://registry.npmjs.org/is-plain-obj/-/is-plain-obj-4.1.0.tgz. Extracting by manifest.
543 silly tarball no local data for trough@https://registry.npmjs.org/trough/-/trough-2.2.0.tgz. Extracting by manifest.
544 silly tarball no local data for extend@https://registry.npmjs.org/extend/-/extend-3.0.2.tgz. Extracting by manifest.
545 silly tarball no local data for bail@https://registry.npmjs.org/bail/-/bail-2.0.2.tgz. Extracting by manifest.
546 silly tarball no local data for is-fullwidth-code-point@https://registry.npmjs.org/is-fullwidth-code-point/-/is-fullwidth-code-point-3.0.0.tgz. Extracting by manifest.
547 silly tarball no local data for ansi-regex@https://registry.npmjs.org/ansi-regex/-/ansi-regex-6.2.2.tgz. Extracting by manifest.
548 silly tarball no local data for emoji-regex@https://registry.npmjs.org/emoji-regex/-/emoji-regex-9.2.2.tgz. Extracting by manifest.
549 silly tarball no local data for eastasianwidth@https://registry.npmjs.org/eastasianwidth/-/eastasianwidth-0.2.0.tgz. Extracting by manifest.
550 silly tarball no local data for shebang-regex@https://registry.npmjs.org/shebang-regex/-/shebang-regex-3.0.0.tgz. Extracting by manifest.
551 silly tarball no local data for format@https://registry.npmjs.org/format/-/format-0.2.2.tgz. Extracting by manifest.
552 silly tarball no local data for fault@https://registry.npmjs.org/fault/-/fault-2.0.1.tgz. Extracting by manifest.
553 silly tarball no local data for micromark-factory-whitespace@https://registry.npmjs.org/micromark-factory-whitespace/-/micromark-factory-whitespace-2.0.1.tgz. Extracting by manifest.
554 silly tarball no local data for micromark-factory-title@https://registry.npmjs.org/micromark-factory-title/-/micromark-factory-title-2.0.1.tgz. Extracting by manifest.
555 silly tarball no local data for micromark-util-html-tag-name@https://registry.npmjs.org/micromark-util-html-tag-name/-/micromark-util-html-tag-name-2.0.1.tgz. Extracting by manifest.
556 silly tarball no local data for micromark-factory-label@https://registry.npmjs.org/micromark-factory-label/-/micromark-factory-label-2.0.1.tgz. Extracting by manifest.
557 silly tarball no local data for micromark-factory-destination@https://registry.npmjs.org/micromark-factory-destination/-/micromark-factory-destination-2.0.1.tgz. Extracting by manifest.
558 silly tarball no local data for ms@https://registry.npmjs.org/ms/-/ms-2.1.3.tgz. Extracting by manifest.
559 silly tarball no local data for vfile@https://registry.npmjs.org/vfile/-/vfile-6.0.3.tgz. Extracting by manifest.
560 silly tarball no local data for micromark-util-subtokenize@https://registry.npmjs.org/micromark-util-subtokenize/-/micromark-util-subtokenize-2.1.0.tgz. Extracting by manifest.
561 silly tarball no local data for micromark-util-sanitize-uri@https://registry.npmjs.org/micromark-util-sanitize-uri/-/micromark-util-sanitize-uri-2.0.1.tgz. Extracting by manifest.
562 silly tarball no local data for micromark-util-combine-extensions@https://registry.npmjs.org/micromark-util-combine-extensions/-/micromark-util-combine-extensions-2.0.1.tgz. Extracting by manifest.
563 silly tarball no local data for micromark-util-encode@https://registry.npmjs.org/micromark-util-encode/-/micromark-util-encode-2.0.1.tgz. Extracting by manifest.
564 silly tarball no local data for @types/ms@https://registry.npmjs.org/@types/ms/-/ms-2.1.0.tgz. Extracting by manifest.
565 silly tarball no local data for micromark-util-resolve-all@https://registry.npmjs.org/micromark-util-resolve-all/-/micromark-util-resolve-all-2.0.1.tgz. Extracting by manifest.
566 silly tarball no local data for micromark-factory-space@https://registry.npmjs.org/micromark-factory-space/-/micromark-factory-space-2.0.1.tgz. Extracting by manifest.
567 silly tarball no local data for micromark-util-character@https://registry.npmjs.org/micromark-util-character/-/micromark-util-character-2.1.1.tgz. Extracting by manifest.
568 silly tarball no local data for micromark-util-chunked@https://registry.npmjs.org/micromark-util-chunked/-/micromark-util-chunked-2.0.1.tgz. Extracting by manifest.
569 silly tarball no local data for debug@https://registry.npmjs.org/debug/-/debug-4.4.3.tgz. Extracting by manifest.
570 silly tarball no local data for @types/debug@https://registry.npmjs.org/@types/debug/-/debug-4.1.13.tgz. Extracting by manifest.
571 silly tarball no local data for micromark-core-commonmark@https://registry.npmjs.org/micromark-core-commonmark/-/micromark-core-commonmark-2.0.3.tgz. Extracting by manifest.
572 silly tarball no local data for unist-util-is@https://registry.npmjs.org/unist-util-is/-/unist-util-is-6.0.1.tgz. Extracting by manifest.
573 silly tarball no local data for zwitch@https://registry.npmjs.org/zwitch/-/zwitch-2.0.4.tgz. Extracting by manifest.
574 silly tarball no local data for micromark-util-classify-character@https://registry.npmjs.org/micromark-util-classify-character/-/micromark-util-classify-character-2.0.1.tgz. Extracting by manifest.
575 silly tarball no local data for longest-streak@https://registry.npmjs.org/longest-streak/-/longest-streak-3.1.0.tgz. Extracting by manifest.
576 silly tarball no local data for character-entities@https://registry.npmjs.org/character-entities/-/character-entities-2.0.2.tgz. Extracting by manifest.
577 silly tarball no local data for unist-util-stringify-position@https://registry.npmjs.org/unist-util-stringify-position/-/unist-util-stringify-position-4.0.0.tgz. Extracting by manifest.
578 silly tarball no local data for mdast-util-phrasing@https://registry.npmjs.org/mdast-util-phrasing/-/mdast-util-phrasing-4.1.0.tgz. Extracting by manifest.
579 silly tarball no local data for micromark-util-types@https://registry.npmjs.org/micromark-util-types/-/micromark-util-types-2.0.2.tgz. Extracting by manifest.
580 silly tarball no local data for micromark-util-normalize-identifier@https://registry.npmjs.org/micromark-util-normalize-identifier/-/micromark-util-normalize-identifier-2.0.1.tgz. Extracting by manifest.
581 silly tarball no local data for micromark-util-decode-numeric-character-reference@https://registry.npmjs.org/micromark-util-decode-numeric-character-reference/-/micromark-util-decode-numeric-character-reference-2.0.2.tgz. Extracting by manifest.
582 silly tarball no local data for micromark@https://registry.npmjs.org/micromark/-/micromark-4.0.2.tgz. Extracting by manifest.
583 silly tarball no local data for micromark-util-symbol@https://registry.npmjs.org/micromark-util-symbol/-/micromark-util-symbol-2.0.1.tgz. Extracting by manifest.
584 silly tarball no local data for mdast-util-to-string@https://registry.npmjs.org/mdast-util-to-string/-/mdast-util-to-string-4.0.0.tgz. Extracting by manifest.
585 silly tarball no local data for decode-named-character-reference@https://registry.npmjs.org/decode-named-character-reference/-/decode-named-character-reference-1.3.0.tgz. Extracting by manifest.
586 silly tarball no local data for micromark-util-decode-string@https://registry.npmjs.org/micromark-util-decode-string/-/micromark-util-decode-string-2.0.1.tgz. Extracting by manifest.
587 silly tarball no local data for dequal@https://registry.npmjs.org/dequal/-/dequal-2.0.3.tgz. Extracting by manifest.
588 silly tarball no local data for mdast-util-to-markdown@https://registry.npmjs.org/mdast-util-to-markdown/-/mdast-util-to-markdown-2.1.2.tgz. Extracting by manifest.
589 silly tarball no local data for mdast-util-from-markdown@https://registry.npmjs.org/mdast-util-from-markdown/-/mdast-util-from-markdown-2.0.3.tgz. Extracting by manifest.
590 silly tarball no local data for @types/unist@https://registry.npmjs.org/@types/unist/-/unist-3.0.3.tgz. Extracting by manifest.
591 silly tarball no local data for mdast-util-frontmatter@https://registry.npmjs.org/mdast-util-frontmatter/-/mdast-util-frontmatter-2.0.1.tgz. Extracting by manifest.
592 silly tarball no local data for micromark-extension-frontmatter@https://registry.npmjs.org/micromark-extension-frontmatter/-/micromark-extension-frontmatter-2.0.0.tgz. Extracting by manifest.
593 silly tarball no local data for escape-string-regexp@https://registry.npmjs.org/escape-string-regexp/-/escape-string-regexp-5.0.0.tgz. Extracting by manifest.
594 silly tarball no local data for devlop@https://registry.npmjs.org/devlop/-/devlop-1.1.0.tgz. Extracting by manifest.
595 silly tarball no local data for @types/mdast@https://registry.npmjs.org/@types/mdast/-/mdast-4.0.4.tgz. Extracting by manifest.
596 silly tarball no local data for brace-expansion@https://registry.npmjs.org/brace-expansion/-/brace-expansion-2.1.2.tgz. Extracting by manifest.
597 silly tarball no local data for balanced-match@https://registry.npmjs.org/balanced-match/-/balanced-match-1.0.2.tgz. Extracting by manifest.
598 silly tarball no local data for wrap-ansi-cjs@https://registry.npmjs.org/wrap-ansi/-/wrap-ansi-7.0.0.tgz. Extracting by manifest.
599 silly tarball no local data for lru-cache@https://registry.npmjs.org/lru-cache/-/lru-cache-10.4.3.tgz. Extracting by manifest.
600 silly tarball no local data for wrap-ansi@https://registry.npmjs.org/wrap-ansi/-/wrap-ansi-8.1.0.tgz. Extracting by manifest.
601 silly tarball no local data for strip-ansi@https://registry.npmjs.org/strip-ansi/-/strip-ansi-7.2.0.tgz. Extracting by manifest.
602 silly tarball no local data for strip-ansi-cjs@https://registry.npmjs.org/strip-ansi/-/strip-ansi-6.0.1.tgz. Extracting by manifest.
603 silly tarball no local data for string-width@https://registry.npmjs.org/string-width/-/string-width-5.1.2.tgz. Extracting by manifest.
604 silly tarball no local data for @isaacs/cliui@https://registry.npmjs.org/@isaacs/cliui/-/cliui-8.0.2.tgz. Extracting by manifest.
605 silly tarball no local data for @pkgjs/parseargs@https://registry.npmjs.org/@pkgjs/parseargs/-/parseargs-0.11.0.tgz. Extracting by manifest.
606 silly tarball no local data for which@https://registry.npmjs.org/which/-/which-2.0.2.tgz. Extracting by manifest.
607 silly tarball no local data for shebang-command@https://registry.npmjs.org/shebang-command/-/shebang-command-2.0.0.tgz. Extracting by manifest.
608 silly tarball no local data for string-width-cjs@https://registry.npmjs.org/string-width/-/string-width-4.2.3.tgz. Extracting by manifest.
609 silly tarball no local data for signal-exit@https://registry.npmjs.org/signal-exit/-/signal-exit-4.1.0.tgz. Extracting by manifest.
610 silly tarball no local data for cross-spawn@https://registry.npmjs.org/cross-spawn/-/cross-spawn-7.0.6.tgz. Extracting by manifest.
611 silly tarball no local data for path-scurry@https://registry.npmjs.org/path-scurry/-/path-scurry-1.11.1.tgz. Extracting by manifest.
612 silly tarball no local data for path-key@https://registry.npmjs.org/path-key/-/path-key-3.1.1.tgz. Extracting by manifest.
613 silly tarball no local data for minipass@https://registry.npmjs.org/minipass/-/minipass-7.1.3.tgz. Extracting by manifest.
614 silly tarball no local data for package-json-from-dist@https://registry.npmjs.org/package-json-from-dist/-/package-json-from-dist-1.0.1.tgz. Extracting by manifest.
615 silly tarball no local data for minimatch@https://registry.npmjs.org/minimatch/-/minimatch-9.0.9.tgz. Extracting by manifest.
616 silly tarball no local data for jackspeak@https://registry.npmjs.org/jackspeak/-/jackspeak-3.4.3.tgz. Extracting by manifest.
617 silly tarball no local data for foreground-child@https://registry.npmjs.org/foreground-child/-/foreground-child-3.3.1.tgz. Extracting by manifest.
618 silly tarball no local data for undici-types@https://registry.npmjs.org/undici-types/-/undici-types-6.21.0.tgz. Extracting by manifest.
619 silly tarball no local data for zod@https://registry.npmjs.org/zod/-/zod-3.25.76.tgz. Extracting by manifest.
620 silly tarball no local data for yaml@https://registry.npmjs.org/yaml/-/yaml-2.9.0.tgz. Extracting by manifest.
621 silly tarball no local data for unist-util-visit@https://registry.npmjs.org/unist-util-visit/-/unist-util-visit-5.1.0.tgz. Extracting by manifest.
622 silly tarball no local data for remark-parse@https://registry.npmjs.org/remark-parse/-/remark-parse-11.0.0.tgz. Extracting by manifest.
623 silly tarball no local data for typescript@https://registry.npmjs.org/typescript/-/typescript-5.9.3.tgz. Extracting by manifest.
624 silly tarball no local data for remark-frontmatter@https://registry.npmjs.org/remark-frontmatter/-/remark-frontmatter-5.0.0.tgz. Extracting by manifest.
625 silly tarball no local data for unified@https://registry.npmjs.org/unified/-/unified-11.0.5.tgz. Extracting by manifest.
626 silly tarball no local data for @types/node@https://registry.npmjs.org/@types/node/-/node-20.19.43.tgz. Extracting by manifest.
627 silly tarball no local data for glob@https://registry.npmjs.org/glob/-/glob-10.5.0.tgz. Extracting by manifest.
628 silly tarball no local data for strip-ansi@https://registry.npmjs.org/strip-ansi/-/strip-ansi-6.0.1.tgz. Extracting by manifest.
629 silly tarball no local data for emoji-regex@https://registry.npmjs.org/emoji-regex/-/emoji-regex-8.0.0.tgz. Extracting by manifest.
630 silly tarball no local data for ansi-regex@https://registry.npmjs.org/ansi-regex/-/ansi-regex-5.0.1.tgz. Extracting by manifest.
631 silly tarball no local data for commander@https://registry.npmjs.org/commander/-/commander-11.1.0.tgz. Extracting by manifest.
632 silly tarball no local data for string-width@https://registry.npmjs.org/string-width/-/string-width-4.2.3.tgz. Extracting by manifest.
633 silly tarball no local data for ansi-styles@https://registry.npmjs.org/ansi-styles/-/ansi-styles-4.3.0.tgz. Extracting by manifest.
634 silly tarball no local data for ansi-regex@https://registry.npmjs.org/ansi-regex/-/ansi-regex-5.0.1.tgz. Extracting by manifest.
635 silly tarball no local data for strip-ansi@https://registry.npmjs.org/strip-ansi/-/strip-ansi-6.0.1.tgz. Extracting by manifest.
636 silly tarball no local data for emoji-regex@https://registry.npmjs.org/emoji-regex/-/emoji-regex-8.0.0.tgz. Extracting by manifest.
637 silly tarball no local data for ansi-regex@https://registry.npmjs.org/ansi-regex/-/ansi-regex-5.0.1.tgz. Extracting by manifest.
638 http fetch GET 200 https://registry.npmjs.org/color-name/-/color-name-1.1.4.tgz 41ms (cache miss)
639 http fetch GET 200 https://registry.npmjs.org/vfile-message/-/vfile-message-4.0.3.tgz 50ms (cache miss)
640 http fetch GET 200 https://registry.npmjs.org/is-plain-obj/-/is-plain-obj-4.1.0.tgz 53ms (cache miss)
641 http fetch GET 200 https://registry.npmjs.org/isexe/-/isexe-2.0.0.tgz 53ms (cache miss)
642 http fetch GET 200 https://registry.npmjs.org/color-convert/-/color-convert-2.0.1.tgz 54ms (cache miss)
643 http fetch GET 200 https://registry.npmjs.org/ansi-styles/-/ansi-styles-6.2.3.tgz 53ms (cache miss)
644 http fetch GET 200 https://registry.npmjs.org/trough/-/trough-2.2.0.tgz 53ms (cache miss)
645 http fetch GET 200 https://registry.npmjs.org/unist-util-visit-parents/-/unist-util-visit-parents-6.0.2.tgz 54ms (cache miss)
646 http fetch GET 200 https://registry.npmjs.org/format/-/format-0.2.2.tgz 76ms (cache miss)
647 http fetch GET 200 https://registry.npmjs.org/shebang-regex/-/shebang-regex-3.0.0.tgz 76ms (cache miss)
648 http fetch GET 200 https://registry.npmjs.org/micromark-factory-title/-/micromark-factory-title-2.0.1.tgz 78ms (cache miss)
649 http fetch GET 200 https://registry.npmjs.org/micromark-factory-whitespace/-/micromark-factory-whitespace-2.0.1.tgz 79ms (cache miss)
650 http fetch GET 200 https://registry.npmjs.org/fault/-/fault-2.0.1.tgz 85ms (cache miss)
651 http fetch GET 200 https://registry.npmjs.org/micromark-factory-label/-/micromark-factory-label-2.0.1.tgz 85ms (cache miss)
652 http fetch GET 200 https://registry.npmjs.org/micromark-util-html-tag-name/-/micromark-util-html-tag-name-2.0.1.tgz 86ms (cache miss)
653 http fetch GET 200 https://registry.npmjs.org/micromark-factory-destination/-/micromark-factory-destination-2.0.1.tgz 86ms (cache miss)
654 http fetch POST 200 https://registry.npmjs.org/-/npm/v1/security/advisories/bulk 101ms
655 silly audit report {}
656 http fetch GET 200 https://registry.npmjs.org/emoji-regex/-/emoji-regex-9.2.2.tgz 92ms (cache miss)
657 http fetch GET 200 https://registry.npmjs.org/ms/-/ms-2.1.3.tgz 101ms (cache miss)
658 http fetch GET 200 https://registry.npmjs.org/is-fullwidth-code-point/-/is-fullwidth-code-point-3.0.0.tgz 101ms (cache miss)
659 http fetch GET 200 https://registry.npmjs.org/micromark-util-sanitize-uri/-/micromark-util-sanitize-uri-2.0.1.tgz 102ms (cache miss)
660 http fetch GET 200 https://registry.npmjs.org/vfile/-/vfile-6.0.3.tgz 102ms (cache miss)
661 http fetch GET 200 https://registry.npmjs.org/ansi-regex/-/ansi-regex-6.2.2.tgz 107ms (cache miss)
662 http fetch GET 200 https://registry.npmjs.org/bail/-/bail-2.0.2.tgz 107ms (cache miss)
663 http fetch GET 200 https://registry.npmjs.org/micromark-util-subtokenize/-/micromark-util-subtokenize-2.1.0.tgz 106ms (cache miss)
664 http fetch GET 200 https://registry.npmjs.org/extend/-/extend-3.0.2.tgz 108ms (cache miss)
665 http fetch GET 200 https://registry.npmjs.org/eastasianwidth/-/eastasianwidth-0.2.0.tgz 113ms (cache miss)
666 http fetch GET 200 https://registry.npmjs.org/micromark-util-combine-extensions/-/micromark-util-combine-extensions-2.0.1.tgz 119ms (cache miss)
667 http fetch GET 200 https://registry.npmjs.org/micromark-factory-space/-/micromark-factory-space-2.0.1.tgz 119ms (cache miss)
668 http fetch GET 200 https://registry.npmjs.org/micromark-util-resolve-all/-/micromark-util-resolve-all-2.0.1.tgz 125ms (cache miss)
669 http fetch GET 200 https://registry.npmjs.org/micromark-util-encode/-/micromark-util-encode-2.0.1.tgz 125ms (cache miss)
670 http fetch GET 200 https://registry.npmjs.org/micromark-util-character/-/micromark-util-character-2.1.1.tgz 125ms (cache miss)
671 http fetch GET 200 https://registry.npmjs.org/@types/ms/-/ms-2.1.0.tgz 127ms (cache miss)
672 http fetch GET 200 https://registry.npmjs.org/micromark-util-chunked/-/micromark-util-chunked-2.0.1.tgz 133ms (cache miss)
673 http fetch GET 200 https://registry.npmjs.org/debug/-/debug-4.4.3.tgz 133ms (cache miss)
674 http fetch GET 200 https://registry.npmjs.org/longest-streak/-/longest-streak-3.1.0.tgz 133ms (cache miss)
675 http fetch GET 200 https://registry.npmjs.org/zwitch/-/zwitch-2.0.4.tgz 133ms (cache miss)
676 http fetch GET 200 https://registry.npmjs.org/@types/debug/-/debug-4.1.13.tgz 135ms (cache miss)
677 http fetch GET 200 https://registry.npmjs.org/micromark-util-classify-character/-/micromark-util-classify-character-2.0.1.tgz 134ms (cache miss)
678 http fetch GET 200 https://registry.npmjs.org/unist-util-is/-/unist-util-is-6.0.1.tgz 138ms (cache miss)
679 http fetch GET 200 https://registry.npmjs.org/micromark-core-commonmark/-/micromark-core-commonmark-2.0.3.tgz 141ms (cache miss)
680 http fetch GET 200 https://registry.npmjs.org/mdast-util-phrasing/-/mdast-util-phrasing-4.1.0.tgz 149ms (cache miss)
681 http fetch GET 200 https://registry.npmjs.org/unist-util-stringify-position/-/unist-util-stringify-position-4.0.0.tgz 149ms (cache miss)
682 http fetch GET 200 https://registry.npmjs.org/character-entities/-/character-entities-2.0.2.tgz 149ms (cache miss)
683 http fetch GET 200 https://registry.npmjs.org/mdast-util-to-string/-/mdast-util-to-string-4.0.0.tgz 156ms (cache miss)
684 http fetch GET 200 https://registry.npmjs.org/micromark-util-symbol/-/micromark-util-symbol-2.0.1.tgz 157ms (cache miss)
685 http fetch GET 200 https://registry.npmjs.org/micromark-util-decode-string/-/micromark-util-decode-string-2.0.1.tgz 156ms (cache miss)
686 http fetch GET 200 https://registry.npmjs.org/decode-named-character-reference/-/decode-named-character-reference-1.3.0.tgz 157ms (cache miss)
687 http fetch GET 200 https://registry.npmjs.org/dequal/-/dequal-2.0.3.tgz 157ms (cache miss)
688 http fetch GET 200 https://registry.npmjs.org/micromark-util-normalize-identifier/-/micromark-util-normalize-identifier-2.0.1.tgz 161ms (cache miss)
689 http fetch GET 200 https://registry.npmjs.org/micromark-util-types/-/micromark-util-types-2.0.2.tgz 162ms (cache miss)
690 http fetch GET 200 https://registry.npmjs.org/micromark-util-decode-numeric-character-reference/-/micromark-util-decode-numeric-character-reference-2.0.2.tgz 164ms (cache miss)
691 http fetch GET 200 https://registry.npmjs.org/mdast-util-from-markdown/-/mdast-util-from-markdown-2.0.3.tgz 163ms (cache miss)
692 http fetch GET 200 https://registry.npmjs.org/micromark/-/micromark-4.0.2.tgz 170ms (cache miss)
693 http fetch GET 200 https://registry.npmjs.org/@types/unist/-/unist-3.0.3.tgz 173ms (cache miss)
694 http fetch GET 200 https://registry.npmjs.org/mdast-util-to-markdown/-/mdast-util-to-markdown-2.1.2.tgz 174ms (cache miss)
695 http fetch GET 200 https://registry.npmjs.org/escape-string-regexp/-/escape-string-regexp-5.0.0.tgz 179ms (cache miss)
696 http fetch GET 200 https://registry.npmjs.org/balanced-match/-/balanced-match-1.0.2.tgz 179ms (cache miss)
697 http fetch GET 200 https://registry.npmjs.org/micromark-extension-frontmatter/-/micromark-extension-frontmatter-2.0.0.tgz 180ms (cache miss)
698 http fetch GET 200 https://registry.npmjs.org/wrap-ansi/-/wrap-ansi-7.0.0.tgz 182ms (cache miss)
699 http fetch GET 200 https://registry.npmjs.org/wrap-ansi/-/wrap-ansi-8.1.0.tgz 184ms (cache miss)
700 http fetch GET 200 https://registry.npmjs.org/mdast-util-frontmatter/-/mdast-util-frontmatter-2.0.1.tgz 185ms (cache miss)
701 http fetch GET 200 https://registry.npmjs.org/devlop/-/devlop-1.1.0.tgz 185ms (cache miss)
702 http fetch GET 200 https://registry.npmjs.org/brace-expansion/-/brace-expansion-2.1.2.tgz 186ms (cache miss)
703 http fetch GET 200 https://registry.npmjs.org/string-width/-/string-width-5.1.2.tgz 189ms (cache miss)
704 http fetch GET 200 https://registry.npmjs.org/@types/mdast/-/mdast-4.0.4.tgz 190ms (cache miss)
705 http fetch GET 200 https://registry.npmjs.org/strip-ansi/-/strip-ansi-6.0.1.tgz 189ms (cache miss)
706 http fetch GET 200 https://registry.npmjs.org/strip-ansi/-/strip-ansi-7.2.0.tgz 196ms (cache miss)
707 http fetch GET 200 https://registry.npmjs.org/string-width/-/string-width-4.2.3.tgz 211ms (cache miss)
708 http fetch GET 200 https://registry.npmjs.org/which/-/which-2.0.2.tgz 218ms (cache miss)
709 http fetch GET 200 https://registry.npmjs.org/signal-exit/-/signal-exit-4.1.0.tgz 218ms (cache miss)
710 http fetch GET 200 https://registry.npmjs.org/cross-spawn/-/cross-spawn-7.0.6.tgz 219ms (cache miss)
711 http fetch GET 200 https://registry.npmjs.org/shebang-command/-/shebang-command-2.0.0.tgz 219ms (cache miss)
712 http fetch GET 200 https://registry.npmjs.org/package-json-from-dist/-/package-json-from-dist-1.0.1.tgz 218ms (cache miss)
713 http fetch GET 200 https://registry.npmjs.org/path-key/-/path-key-3.1.1.tgz 220ms (cache miss)
714 http fetch GET 200 https://registry.npmjs.org/@pkgjs/parseargs/-/parseargs-0.11.0.tgz 222ms (cache miss)
715 http fetch GET 200 https://registry.npmjs.org/@isaacs/cliui/-/cliui-8.0.2.tgz 223ms (cache miss)
716 http fetch GET 200 https://registry.npmjs.org/jackspeak/-/jackspeak-3.4.3.tgz 226ms (cache miss)
717 http fetch GET 200 https://registry.npmjs.org/lru-cache/-/lru-cache-10.4.3.tgz 227ms (cache miss)
718 http fetch GET 200 https://registry.npmjs.org/minipass/-/minipass-7.1.3.tgz 228ms (cache miss)
719 http fetch GET 200 https://registry.npmjs.org/path-scurry/-/path-scurry-1.11.1.tgz 229ms (cache miss)
720 http fetch GET 200 https://registry.npmjs.org/minimatch/-/minimatch-9.0.9.tgz 229ms (cache miss)
721 http fetch GET 200 https://registry.npmjs.org/foreground-child/-/foreground-child-3.3.1.tgz 231ms (cache miss)
722 http fetch GET 200 https://registry.npmjs.org/remark-frontmatter/-/remark-frontmatter-5.0.0.tgz 235ms (cache miss)
723 http fetch GET 200 https://registry.npmjs.org/unist-util-visit/-/unist-util-visit-5.1.0.tgz 245ms (cache miss)
724 http fetch GET 200 https://registry.npmjs.org/remark-parse/-/remark-parse-11.0.0.tgz 245ms (cache miss)
725 http fetch GET 200 https://registry.npmjs.org/undici-types/-/undici-types-6.21.0.tgz 249ms (cache miss)
726 http fetch GET 200 https://registry.npmjs.org/strip-ansi/-/strip-ansi-6.0.1.tgz 253ms (cache miss)
727 http fetch GET 200 https://registry.npmjs.org/emoji-regex/-/emoji-regex-8.0.0.tgz 255ms (cache miss)
728 http fetch GET 200 https://registry.npmjs.org/ansi-regex/-/ansi-regex-5.0.1.tgz 259ms (cache miss)
729 http fetch GET 200 https://registry.npmjs.org/unified/-/unified-11.0.5.tgz 261ms (cache miss)
730 http fetch GET 200 https://registry.npmjs.org/commander/-/commander-11.1.0.tgz 263ms (cache miss)
731 http fetch GET 200 https://registry.npmjs.org/string-width/-/string-width-4.2.3.tgz 268ms (cache miss)
732 http fetch GET 200 https://registry.npmjs.org/ansi-regex/-/ansi-regex-5.0.1.tgz 281ms (cache miss)
733 http fetch GET 200 https://registry.npmjs.org/ansi-styles/-/ansi-styles-4.3.0.tgz 281ms (cache miss)
734 http fetch GET 200 https://registry.npmjs.org/strip-ansi/-/strip-ansi-6.0.1.tgz 281ms (cache miss)
735 http fetch GET 200 https://registry.npmjs.org/emoji-regex/-/emoji-regex-8.0.0.tgz 281ms (cache miss)
736 http fetch GET 200 https://registry.npmjs.org/glob/-/glob-10.5.0.tgz 284ms (cache miss)
737 warn deprecated glob@10.5.0: Old versions of glob are not supported, and contain widely publicized security vulnerabilities, which have been fixed in the current version. Please update. Support for old versions may be purchased (at exorbitant rates) by contacting i@izs.me
738 http fetch GET 200 https://registry.npmjs.org/ansi-regex/-/ansi-regex-5.0.1.tgz 286ms (cache miss)
739 http fetch GET 200 https://registry.npmjs.org/yaml/-/yaml-2.9.0.tgz 296ms (cache miss)
740 http fetch GET 200 https://registry.npmjs.org/zod/-/zod-3.25.76.tgz 325ms (cache miss)
741 http fetch GET 200 https://registry.npmjs.org/@types/node/-/node-20.19.43.tgz 349ms (cache miss)
742 http fetch GET 200 https://registry.npmjs.org/typescript/-/typescript-5.9.3.tgz 758ms (cache miss)
743 silly ADD node_modules/color-name
744 silly ADD node_modules/color-convert
745 silly ADD node_modules/ansi-styles
746 silly ADD node_modules/isexe
747 silly ADD node_modules/vfile-message
748 silly ADD node_modules/unist-util-visit-parents
749 silly ADD node_modules/vfile
750 silly ADD node_modules/trough
751 silly ADD node_modules/is-plain-obj
752 silly ADD node_modules/extend
753 silly ADD node_modules/bail
754 silly ADD node_modules/ansi-regex
755 silly ADD node_modules/is-fullwidth-code-point
756 silly ADD node_modules/emoji-regex
757 silly ADD node_modules/eastasianwidth
758 silly ADD node_modules/shebang-regex
759 silly ADD node_modules/format
760 silly ADD node_modules/fault
761 silly ADD node_modules/micromark-util-html-tag-name
762 silly ADD node_modules/micromark-factory-whitespace
763 silly ADD node_modules/micromark-factory-title
764 silly ADD node_modules/micromark-factory-label
765 silly ADD node_modules/micromark-factory-destination
766 silly ADD node_modules/ms
767 silly ADD node_modules/@types/ms
768 silly ADD node_modules/micromark-util-subtokenize
769 silly ADD node_modules/micromark-util-sanitize-uri
770 silly ADD node_modules/micromark-util-resolve-all
771 silly ADD node_modules/micromark-util-encode
772 silly ADD node_modules/micromark-util-combine-extensions
773 silly ADD node_modules/micromark-util-chunked
774 silly ADD node_modules/micromark-util-character
775 silly ADD node_modules/micromark-factory-space
776 silly ADD node_modules/micromark-core-commonmark
777 silly ADD node_modules/debug
778 silly ADD node_modules/@types/debug
779 silly ADD node_modules/unist-util-is
780 silly ADD node_modules/zwitch
781 silly ADD node_modules/micromark-util-classify-character
782 silly ADD node_modules/mdast-util-phrasing
783 silly ADD node_modules/longest-streak
784 silly ADD node_modules/character-entities
785 silly ADD node_modules/unist-util-stringify-position
786 silly ADD node_modules/micromark-util-types
787 silly ADD node_modules/micromark-util-symbol
788 silly ADD node_modules/micromark-util-normalize-identifier
789 silly ADD node_modules/micromark-util-decode-string
790 silly ADD node_modules/micromark-util-decode-numeric-character-reference
791 silly ADD node_modules/micromark
792 silly ADD node_modules/mdast-util-to-string
793 silly ADD node_modules/decode-named-character-reference
794 silly ADD node_modules/dequal
795 silly ADD node_modules/mdast-util-to-markdown
796 silly ADD node_modules/mdast-util-from-markdown
797 silly ADD node_modules/escape-string-regexp
798 silly ADD node_modules/devlop
799 silly ADD node_modules/@types/unist
800 silly ADD node_modules/micromark-extension-frontmatter
801 silly ADD node_modules/mdast-util-frontmatter
802 silly ADD node_modules/@types/mdast
803 silly ADD node_modules/lru-cache
804 silly ADD node_modules/balanced-match
805 silly ADD node_modules/brace-expansion
806 silly ADD node_modules/wrap-ansi-cjs
807 silly ADD node_modules/wrap-ansi-cjs/node_modules/ansi-regex
808 silly ADD node_modules/wrap-ansi-cjs/node_modules/emoji-regex
809 silly ADD node_modules/wrap-ansi-cjs/node_modules/strip-ansi
810 silly ADD node_modules/wrap-ansi-cjs/node_modules/string-width
811 silly ADD node_modules/wrap-ansi-cjs/node_modules/ansi-styles
812 silly ADD node_modules/wrap-ansi
813 silly ADD node_modules/strip-ansi-cjs
814 silly ADD node_modules/strip-ansi-cjs/node_modules/ansi-regex
815 silly ADD node_modules/strip-ansi
816 silly ADD node_modules/string-width-cjs
817 silly ADD node_modules/string-width-cjs/node_modules/ansi-regex
818 silly ADD node_modules/string-width-cjs/node_modules/strip-ansi
819 silly ADD node_modules/string-width-cjs/node_modules/emoji-regex
820 silly ADD node_modules/string-width
821 silly ADD node_modules/@pkgjs/parseargs
822 silly ADD node_modules/@isaacs/cliui
823 silly ADD node_modules/which
824 silly ADD node_modules/shebang-command
825 silly ADD node_modules/path-key
826 silly ADD node_modules/signal-exit
827 silly ADD node_modules/cross-spawn
828 silly ADD node_modules/path-scurry
829 silly ADD node_modules/package-json-from-dist
830 silly ADD node_modules/minipass
831 silly ADD node_modules/minimatch
832 silly ADD node_modules/jackspeak
833 silly ADD node_modules/foreground-child
834 silly ADD node_modules/undici-types
835 silly ADD node_modules/zod
836 silly ADD node_modules/yaml
837 silly ADD node_modules/unist-util-visit
838 silly ADD node_modules/unified
839 silly ADD node_modules/typescript
840 silly ADD node_modules/remark-parse
841 silly ADD node_modules/remark-frontmatter
842 silly ADD node_modules/glob
843 silly ADD node_modules/commander
844 silly ADD node_modules/@types/node
845 verbose cwd /Users/brad-htd/Code/prose_linter/pinakes/cli
846 verbose os Darwin 25.5.0
847 verbose node v22.12.0
848 verbose npm  v10.9.0
849 notice
849 notice New major version of npm available! 10.9.0 -> 12.0.1
849 notice Changelog: https://github.com/npm/cli/releases/tag/v12.0.1
849 notice To update run: npm install -g npm@12.0.1
849 notice  { force: true, [Symbol(proc-log.meta)]: true }
850 verbose exit 0
851 info ok
